{"E:\\Afstuderen light\\app.js": {"path":"E:\\Afstuderen light\\app.js","statementMap":{"0":{"start":{"line":1,"column":18},"end":{"line":1,"column":40}},"1":{"start":{"line":2,"column":14},"end":{"line":2,"column":32}},"2":{"start":{"line":3,"column":11},"end":{"line":3,"column":26}},"3":{"start":{"line":4,"column":11},"end":{"line":4,"column":26}},"4":{"start":{"line":5,"column":19},"end":{"line":5,"column":43}},"5":{"start":{"line":6,"column":13},"end":{"line":6,"column":30}},"6":{"start":{"line":7,"column":13},"end":{"line":7,"column":30}},"7":{"start":{"line":9,"column":14},"end":{"line":9,"column":41}},"8":{"start":{"line":11,"column":17},"end":{"line":11,"column":41}},"9":{"start":{"line":12,"column":18},"end":{"line":12,"column":43}},"10":{"start":{"line":13,"column":17},"end":{"line":13,"column":41}},"11":{"start":{"line":14,"column":20},"end":{"line":14,"column":47}},"12":{"start":{"line":15,"column":9},"end":{"line":15,"column":37}},"13":{"start":{"line":17,"column":10},"end":{"line":17,"column":19}},"14":{"start":{"line":18,"column":0},"end":{"line":18,"column":28}},"15":{"start":{"line":21,"column":0},"end":{"line":21,"column":16}},"16":{"start":{"line":24,"column":0},"end":{"line":24,"column":48}},"17":{"start":{"line":25,"column":0},"end":{"line":25,"column":31}},"18":{"start":{"line":27,"column":0},"end":{"line":27,"column":35}},"19":{"start":{"line":29,"column":0},"end":{"line":29,"column":16}},"20":{"start":{"line":30,"column":0},"end":{"line":30,"column":23}},"21":{"start":{"line":31,"column":0},"end":{"line":31,"column":24}},"22":{"start":{"line":32,"column":0},"end":{"line":32,"column":49}},"23":{"start":{"line":33,"column":0},"end":{"line":33,"column":24}},"24":{"start":{"line":34,"column":0},"end":{"line":34,"column":56}},"25":{"start":{"line":36,"column":0},"end":{"line":36,"column":29}},"26":{"start":{"line":37,"column":0},"end":{"line":37,"column":40}},"27":{"start":{"line":38,"column":0},"end":{"line":38,"column":38}},"28":{"start":{"line":39,"column":0},"end":{"line":39,"column":44}},"29":{"start":{"line":42,"column":0},"end":{"line":44,"column":3}},"30":{"start":{"line":43,"column":2},"end":{"line":43,"column":25}},"31":{"start":{"line":47,"column":0},"end":{"line":55,"column":3}},"32":{"start":{"line":49,"column":2},"end":{"line":49,"column":35}},"33":{"start":{"line":50,"column":2},"end":{"line":50,"column":69}},"34":{"start":{"line":53,"column":2},"end":{"line":53,"column":32}},"35":{"start":{"line":54,"column":2},"end":{"line":54,"column":22}},"36":{"start":{"line":57,"column":0},"end":{"line":57,"column":21}}},"fnMap":{"0":{"name":"(anonymous_0)","decl":{"start":{"line":42,"column":8},"end":{"line":42,"column":9}},"loc":{"start":{"line":42,"column":33},"end":{"line":44,"column":1}},"line":42},"1":{"name":"(anonymous_1)","decl":{"start":{"line":47,"column":8},"end":{"line":47,"column":9}},"loc":{"start":{"line":47,"column":38},"end":{"line":55,"column":1}},"line":47}},"branchMap":{"0":{"loc":{"start":{"line":50,"column":21},"end":{"line":50,"column":68}},"type":"cond-expr","locations":[{"start":{"line":50,"column":60},"end":{"line":50,"column":63}},{"start":{"line":50,"column":66},"end":{"line":50,"column":68}}],"line":50},"1":{"loc":{"start":{"line":53,"column":13},"end":{"line":53,"column":30}},"type":"binary-expr","locations":[{"start":{"line":53,"column":13},"end":{"line":53,"column":23}},{"start":{"line":53,"column":27},"end":{"line":53,"column":30}}],"line":53}},"s":{"0":1,"1":1,"2":1,"3":1,"4":1,"5":1,"6":1,"7":1,"8":1,"9":1,"10":1,"11":1,"12":1,"13":1,"14":1,"15":1,"16":1,"17":1,"18":1,"19":1,"20":1,"21":1,"22":1,"23":1,"24":1,"25":1,"26":1,"27":1,"28":1,"29":1,"30":0,"31":1,"32":0,"33":0,"34":0,"35":0,"36":1},"f":{"0":0,"1":0},"b":{"0":[0,0],"1":[0,0]},"_coverageSchema":"1a1c01bbd47fc00a2c39e90264f33305004495a9","hash":"d245cc8724a88e0f547d9986cf727faef8b6f81b"}
,"E:\\Afstuderen light\\controller\\car.controller.js": {"path":"E:\\Afstuderen light\\controller\\car.controller.js","statementMap":{"0":{"start":{"line":1,"column":11},"end":{"line":1,"column":40}},"1":{"start":{"line":2,"column":12},"end":{"line":2,"column":18}},"2":{"start":{"line":3,"column":14},"end":{"line":3,"column":22}},"3":{"start":{"line":4,"column":11},"end":{"line":4,"column":26}},"4":{"start":{"line":7,"column":0},"end":{"line":77,"column":2}},"5":{"start":{"line":9,"column":18},"end":{"line":9,"column":87}},"6":{"start":{"line":10,"column":17},"end":{"line":10,"column":40}},"7":{"start":{"line":11,"column":4},"end":{"line":17,"column":5}},"8":{"start":{"line":12,"column":6},"end":{"line":15,"column":9}},"9":{"start":{"line":16,"column":6},"end":{"line":16,"column":13}},"10":{"start":{"line":18,"column":4},"end":{"line":24,"column":5}},"11":{"start":{"line":19,"column":8},"end":{"line":22,"column":11}},"12":{"start":{"line":23,"column":8},"end":{"line":23,"column":15}},"13":{"start":{"line":25,"column":4},"end":{"line":31,"column":5}},"14":{"start":{"line":26,"column":6},"end":{"line":29,"column":9}},"15":{"start":{"line":30,"column":6},"end":{"line":30,"column":13}},"16":{"start":{"line":32,"column":4},"end":{"line":38,"column":5}},"17":{"start":{"line":33,"column":8},"end":{"line":36,"column":11}},"18":{"start":{"line":37,"column":8},"end":{"line":37,"column":15}},"19":{"start":{"line":39,"column":4},"end":{"line":45,"column":5}},"20":{"start":{"line":40,"column":6},"end":{"line":43,"column":9}},"21":{"start":{"line":44,"column":6},"end":{"line":44,"column":13}},"22":{"start":{"line":46,"column":4},"end":{"line":52,"column":5}},"23":{"start":{"line":47,"column":6},"end":{"line":50,"column":9}},"24":{"start":{"line":51,"column":6},"end":{"line":51,"column":13}},"25":{"start":{"line":55,"column":16},"end":{"line":61,"column":5}},"26":{"start":{"line":63,"column":4},"end":{"line":75,"column":7}},"27":{"start":{"line":65,"column":6},"end":{"line":68,"column":9}},"28":{"start":{"line":71,"column":6},"end":{"line":74,"column":9}},"29":{"start":{"line":81,"column":0},"end":{"line":95,"column":2}},"30":{"start":{"line":82,"column":0},"end":{"line":94,"column":5}},"31":{"start":{"line":84,"column":4},"end":{"line":87,"column":7}},"32":{"start":{"line":90,"column":4},"end":{"line":93,"column":7}},"33":{"start":{"line":98,"column":0},"end":{"line":123,"column":2}},"34":{"start":{"line":99,"column":15},"end":{"line":99,"column":28}},"35":{"start":{"line":101,"column":4},"end":{"line":122,"column":9}},"36":{"start":{"line":103,"column":8},"end":{"line":115,"column":9}},"37":{"start":{"line":104,"column":14},"end":{"line":107,"column":12}},"38":{"start":{"line":111,"column":10},"end":{"line":114,"column":13}},"39":{"start":{"line":118,"column":8},"end":{"line":121,"column":11}},"40":{"start":{"line":126,"column":0},"end":{"line":159,"column":2}},"41":{"start":{"line":127,"column":16},"end":{"line":127,"column":85}},"42":{"start":{"line":128,"column":15},"end":{"line":128,"column":38}},"43":{"start":{"line":129,"column":2},"end":{"line":135,"column":3}},"44":{"start":{"line":130,"column":4},"end":{"line":133,"column":7}},"45":{"start":{"line":134,"column":4},"end":{"line":134,"column":11}},"46":{"start":{"line":136,"column":2},"end":{"line":157,"column":7}},"47":{"start":{"line":140,"column":6},"end":{"line":150,"column":7}},"48":{"start":{"line":141,"column":8},"end":{"line":144,"column":11}},"49":{"start":{"line":146,"column":8},"end":{"line":149,"column":11}},"50":{"start":{"line":153,"column":6},"end":{"line":156,"column":9}},"51":{"start":{"line":162,"column":0},"end":{"line":195,"column":2}},"52":{"start":{"line":163,"column":13},"end":{"line":163,"column":26}},"53":{"start":{"line":164,"column":16},"end":{"line":164,"column":85}},"54":{"start":{"line":165,"column":15},"end":{"line":165,"column":38}},"55":{"start":{"line":166,"column":2},"end":{"line":172,"column":3}},"56":{"start":{"line":167,"column":4},"end":{"line":170,"column":7}},"57":{"start":{"line":171,"column":4},"end":{"line":171,"column":11}},"58":{"start":{"line":173,"column":2},"end":{"line":194,"column":7}},"59":{"start":{"line":177,"column":6},"end":{"line":187,"column":7}},"60":{"start":{"line":178,"column":8},"end":{"line":181,"column":11}},"61":{"start":{"line":183,"column":8},"end":{"line":186,"column":11}},"62":{"start":{"line":190,"column":6},"end":{"line":193,"column":9}}},"fnMap":{"0":{"name":"(anonymous_0)","decl":{"start":{"line":7,"column":17},"end":{"line":7,"column":18}},"loc":{"start":{"line":7,"column":31},"end":{"line":77,"column":1}},"line":7},"1":{"name":"(anonymous_1)","decl":{"start":{"line":64,"column":10},"end":{"line":64,"column":11}},"loc":{"start":{"line":64,"column":18},"end":{"line":69,"column":5}},"line":64},"2":{"name":"(anonymous_2)","decl":{"start":{"line":70,"column":11},"end":{"line":70,"column":12}},"loc":{"start":{"line":70,"column":18},"end":{"line":75,"column":5}},"line":70},"3":{"name":"(anonymous_3)","decl":{"start":{"line":81,"column":18},"end":{"line":81,"column":19}},"loc":{"start":{"line":81,"column":32},"end":{"line":95,"column":1}},"line":81},"4":{"name":"(anonymous_4)","decl":{"start":{"line":83,"column":8},"end":{"line":83,"column":9}},"loc":{"start":{"line":83,"column":16},"end":{"line":88,"column":3}},"line":83},"5":{"name":"(anonymous_5)","decl":{"start":{"line":89,"column":9},"end":{"line":89,"column":10}},"loc":{"start":{"line":89,"column":16},"end":{"line":94,"column":3}},"line":89},"6":{"name":"(anonymous_6)","decl":{"start":{"line":98,"column":18},"end":{"line":98,"column":19}},"loc":{"start":{"line":98,"column":32},"end":{"line":123,"column":1}},"line":98},"7":{"name":"(anonymous_7)","decl":{"start":{"line":102,"column":12},"end":{"line":102,"column":13}},"loc":{"start":{"line":102,"column":20},"end":{"line":116,"column":7}},"line":102},"8":{"name":"(anonymous_8)","decl":{"start":{"line":117,"column":13},"end":{"line":117,"column":14}},"loc":{"start":{"line":117,"column":20},"end":{"line":122,"column":7}},"line":117},"9":{"name":"(anonymous_9)","decl":{"start":{"line":126,"column":17},"end":{"line":126,"column":18}},"loc":{"start":{"line":126,"column":31},"end":{"line":159,"column":1}},"line":126},"10":{"name":"(anonymous_10)","decl":{"start":{"line":139,"column":10},"end":{"line":139,"column":11}},"loc":{"start":{"line":139,"column":17},"end":{"line":151,"column":5}},"line":139},"11":{"name":"(anonymous_11)","decl":{"start":{"line":152,"column":11},"end":{"line":152,"column":12}},"loc":{"start":{"line":152,"column":18},"end":{"line":157,"column":5}},"line":152},"12":{"name":"(anonymous_12)","decl":{"start":{"line":162,"column":17},"end":{"line":162,"column":18}},"loc":{"start":{"line":162,"column":31},"end":{"line":195,"column":1}},"line":162},"13":{"name":"(anonymous_13)","decl":{"start":{"line":176,"column":10},"end":{"line":176,"column":11}},"loc":{"start":{"line":176,"column":17},"end":{"line":188,"column":5}},"line":176},"14":{"name":"(anonymous_14)","decl":{"start":{"line":189,"column":11},"end":{"line":189,"column":12}},"loc":{"start":{"line":189,"column":18},"end":{"line":194,"column":5}},"line":189}},"branchMap":{"0":{"loc":{"start":{"line":9,"column":18},"end":{"line":9,"column":87}},"type":"binary-expr","locations":[{"start":{"line":9,"column":18},"end":{"line":9,"column":32}},{"start":{"line":9,"column":36},"end":{"line":9,"column":54}},{"start":{"line":9,"column":58},"end":{"line":9,"column":87}}],"line":9},"1":{"loc":{"start":{"line":11,"column":4},"end":{"line":17,"column":5}},"type":"if","locations":[{"start":{"line":11,"column":4},"end":{"line":17,"column":5}},{"start":{},"end":{}}],"line":11},"2":{"loc":{"start":{"line":18,"column":4},"end":{"line":24,"column":5}},"type":"if","locations":[{"start":{"line":18,"column":4},"end":{"line":24,"column":5}},{"start":{},"end":{}}],"line":18},"3":{"loc":{"start":{"line":25,"column":4},"end":{"line":31,"column":5}},"type":"if","locations":[{"start":{"line":25,"column":4},"end":{"line":31,"column":5}},{"start":{},"end":{}}],"line":25},"4":{"loc":{"start":{"line":32,"column":4},"end":{"line":38,"column":5}},"type":"if","locations":[{"start":{"line":32,"column":4},"end":{"line":38,"column":5}},{"start":{},"end":{}}],"line":32},"5":{"loc":{"start":{"line":39,"column":4},"end":{"line":45,"column":5}},"type":"if","locations":[{"start":{"line":39,"column":4},"end":{"line":45,"column":5}},{"start":{},"end":{}}],"line":39},"6":{"loc":{"start":{"line":46,"column":4},"end":{"line":52,"column":5}},"type":"if","locations":[{"start":{"line":46,"column":4},"end":{"line":52,"column":5}},{"start":{},"end":{}}],"line":46},"7":{"loc":{"start":{"line":103,"column":8},"end":{"line":115,"column":9}},"type":"if","locations":[{"start":{"line":103,"column":8},"end":{"line":115,"column":9}},{"start":{"line":110,"column":15},"end":{"line":115,"column":9}}],"line":103},"8":{"loc":{"start":{"line":127,"column":16},"end":{"line":127,"column":85}},"type":"binary-expr","locations":[{"start":{"line":127,"column":16},"end":{"line":127,"column":30}},{"start":{"line":127,"column":34},"end":{"line":127,"column":52}},{"start":{"line":127,"column":56},"end":{"line":127,"column":85}}],"line":127},"9":{"loc":{"start":{"line":129,"column":2},"end":{"line":135,"column":3}},"type":"if","locations":[{"start":{"line":129,"column":2},"end":{"line":135,"column":3}},{"start":{},"end":{}}],"line":129},"10":{"loc":{"start":{"line":140,"column":6},"end":{"line":150,"column":7}},"type":"if","locations":[{"start":{"line":140,"column":6},"end":{"line":150,"column":7}},{"start":{"line":145,"column":13},"end":{"line":150,"column":7}}],"line":140},"11":{"loc":{"start":{"line":164,"column":16},"end":{"line":164,"column":85}},"type":"binary-expr","locations":[{"start":{"line":164,"column":16},"end":{"line":164,"column":30}},{"start":{"line":164,"column":34},"end":{"line":164,"column":52}},{"start":{"line":164,"column":56},"end":{"line":164,"column":85}}],"line":164},"12":{"loc":{"start":{"line":166,"column":2},"end":{"line":172,"column":3}},"type":"if","locations":[{"start":{"line":166,"column":2},"end":{"line":172,"column":3}},{"start":{},"end":{}}],"line":166},"13":{"loc":{"start":{"line":177,"column":6},"end":{"line":187,"column":7}},"type":"if","locations":[{"start":{"line":177,"column":6},"end":{"line":187,"column":7}},{"start":{"line":182,"column":13},"end":{"line":187,"column":7}}],"line":177}},"s":{"0":1,"1":1,"2":1,"3":1,"4":1,"5":0,"6":0,"7":0,"8":0,"9":0,"10":0,"11":0,"12":0,"13":0,"14":0,"15":0,"16":0,"17":0,"18":0,"19":0,"20":0,"21":0,"22":0,"23":0,"24":0,"25":0,"26":0,"27":0,"28":0,"29":1,"30":0,"31":0,"32":0,"33":1,"34":0,"35":0,"36":0,"37":0,"38":0,"39":0,"40":1,"41":0,"42":0,"43":0,"44":0,"45":0,"46":0,"47":0,"48":0,"49":0,"50":0,"51":1,"52":0,"53":0,"54":0,"55":0,"56":0,"57":0,"58":0,"59":0,"60":0,"61":0,"62":0},"f":{"0":0,"1":0,"2":0,"3":0,"4":0,"5":0,"6":0,"7":0,"8":0,"9":0,"10":0,"11":0,"12":0,"13":0,"14":0},"b":{"0":[0,0,0],"1":[0,0],"2":[0,0],"3":[0,0],"4":[0,0],"5":[0,0],"6":[0,0],"7":[0,0],"8":[0,0,0],"9":[0,0],"10":[0,0],"11":[0,0,0],"12":[0,0],"13":[0,0]},"_coverageSchema":"1a1c01bbd47fc00a2c39e90264f33305004495a9","hash":"9b151b2cdfb58b56e6d7bcf01cc6ea66df476508"}
,"E:\\Afstuderen light\\controller\\history.controller.js": {"path":"E:\\Afstuderen light\\controller\\history.controller.js","statementMap":{"0":{"start":{"line":1,"column":11},"end":{"line":1,"column":40}},"1":{"start":{"line":2,"column":13},"end":{"line":2,"column":20}},"2":{"start":{"line":3,"column":20},"end":{"line":3,"column":35}},"3":{"start":{"line":4,"column":19},"end":{"line":4,"column":33}},"4":{"start":{"line":7,"column":0},"end":{"line":30,"column":1}},"5":{"start":{"line":9,"column":2},"end":{"line":28,"column":4}},"6":{"start":{"line":11,"column":4},"end":{"line":22,"column":9}},"7":{"start":{"line":13,"column":8},"end":{"line":16,"column":11}},"8":{"start":{"line":18,"column":8},"end":{"line":21,"column":11}},"9":{"start":{"line":24,"column":4},"end":{"line":27,"column":7}},"10":{"start":{"line":31,"column":0},"end":{"line":45,"column":2}},"11":{"start":{"line":32,"column":2},"end":{"line":44,"column":7}},"12":{"start":{"line":34,"column":6},"end":{"line":37,"column":9}},"13":{"start":{"line":40,"column":6},"end":{"line":43,"column":9}},"14":{"start":{"line":46,"column":0},"end":{"line":60,"column":2}},"15":{"start":{"line":47,"column":2},"end":{"line":59,"column":7}},"16":{"start":{"line":49,"column":6},"end":{"line":52,"column":9}},"17":{"start":{"line":55,"column":6},"end":{"line":58,"column":9}},"18":{"start":{"line":63,"column":0},"end":{"line":93,"column":2}},"19":{"start":{"line":65,"column":2},"end":{"line":91,"column":5}},"20":{"start":{"line":66,"column":4},"end":{"line":85,"column":3}},"21":{"start":{"line":67,"column":4},"end":{"line":79,"column":7}},"22":{"start":{"line":69,"column":6},"end":{"line":72,"column":9}},"23":{"start":{"line":75,"column":6},"end":{"line":78,"column":9}},"24":{"start":{"line":81,"column":4},"end":{"line":84,"column":7}},"25":{"start":{"line":87,"column":4},"end":{"line":90,"column":7}}},"fnMap":{"0":{"name":"(anonymous_0)","decl":{"start":{"line":7,"column":17},"end":{"line":7,"column":18}},"loc":{"start":{"line":7,"column":31},"end":{"line":30,"column":1}},"line":7},"1":{"name":"(anonymous_1)","decl":{"start":{"line":10,"column":8},"end":{"line":10,"column":9}},"loc":{"start":{"line":10,"column":21},"end":{"line":23,"column":5}},"line":10},"2":{"name":"(anonymous_2)","decl":{"start":{"line":12,"column":12},"end":{"line":12,"column":13}},"loc":{"start":{"line":12,"column":25},"end":{"line":17,"column":7}},"line":12},"3":{"name":"(anonymous_3)","decl":{"start":{"line":17,"column":15},"end":{"line":17,"column":16}},"loc":{"start":{"line":17,"column":22},"end":{"line":22,"column":7}},"line":17},"4":{"name":"(anonymous_4)","decl":{"start":{"line":23,"column":13},"end":{"line":23,"column":14}},"loc":{"start":{"line":23,"column":20},"end":{"line":28,"column":3}},"line":23},"5":{"name":"(anonymous_5)","decl":{"start":{"line":31,"column":28},"end":{"line":31,"column":29}},"loc":{"start":{"line":31,"column":42},"end":{"line":45,"column":1}},"line":31},"6":{"name":"(anonymous_6)","decl":{"start":{"line":33,"column":10},"end":{"line":33,"column":11}},"loc":{"start":{"line":33,"column":18},"end":{"line":38,"column":5}},"line":33},"7":{"name":"(anonymous_7)","decl":{"start":{"line":39,"column":11},"end":{"line":39,"column":12}},"loc":{"start":{"line":39,"column":18},"end":{"line":44,"column":5}},"line":39},"8":{"name":"(anonymous_8)","decl":{"start":{"line":46,"column":32},"end":{"line":46,"column":33}},"loc":{"start":{"line":46,"column":46},"end":{"line":60,"column":1}},"line":46},"9":{"name":"(anonymous_9)","decl":{"start":{"line":48,"column":10},"end":{"line":48,"column":11}},"loc":{"start":{"line":48,"column":18},"end":{"line":53,"column":5}},"line":48},"10":{"name":"(anonymous_10)","decl":{"start":{"line":54,"column":11},"end":{"line":54,"column":12}},"loc":{"start":{"line":54,"column":18},"end":{"line":59,"column":5}},"line":54},"11":{"name":"(anonymous_11)","decl":{"start":{"line":63,"column":30},"end":{"line":63,"column":31}},"loc":{"start":{"line":63,"column":44},"end":{"line":93,"column":1}},"line":63},"12":{"name":"(anonymous_12)","decl":{"start":{"line":65,"column":36},"end":{"line":65,"column":37}},"loc":{"start":{"line":65,"column":44},"end":{"line":86,"column":3}},"line":65},"13":{"name":"(anonymous_13)","decl":{"start":{"line":68,"column":10},"end":{"line":68,"column":11}},"loc":{"start":{"line":68,"column":18},"end":{"line":73,"column":5}},"line":68},"14":{"name":"(anonymous_14)","decl":{"start":{"line":74,"column":11},"end":{"line":74,"column":12}},"loc":{"start":{"line":74,"column":18},"end":{"line":79,"column":5}},"line":74},"15":{"name":"(anonymous_15)","decl":{"start":{"line":86,"column":11},"end":{"line":86,"column":12}},"loc":{"start":{"line":86,"column":18},"end":{"line":91,"column":3}},"line":86}},"branchMap":{"0":{"loc":{"start":{"line":66,"column":4},"end":{"line":85,"column":3}},"type":"if","locations":[{"start":{"line":66,"column":4},"end":{"line":85,"column":3}},{"start":{"line":80,"column":7},"end":{"line":85,"column":3}}],"line":66}},"s":{"0":1,"1":1,"2":1,"3":1,"4":1,"5":0,"6":0,"7":0,"8":0,"9":0,"10":1,"11":0,"12":0,"13":0,"14":1,"15":0,"16":0,"17":0,"18":1,"19":0,"20":0,"21":0,"22":0,"23":0,"24":0,"25":0},"f":{"0":0,"1":0,"2":0,"3":0,"4":0,"5":0,"6":0,"7":0,"8":0,"9":0,"10":0,"11":0,"12":0,"13":0,"14":0,"15":0},"b":{"0":[0,0]},"_coverageSchema":"1a1c01bbd47fc00a2c39e90264f33305004495a9","hash":"d0be290b58f010949395418e8b1f8706106ee0c0"}
,"E:\\Afstuderen light\\controller\\user.controller.js": {"path":"E:\\Afstuderen light\\controller\\user.controller.js","statementMap":{"0":{"start":{"line":1,"column":11},"end":{"line":1,"column":40}},"1":{"start":{"line":2,"column":13},"end":{"line":2,"column":20}},"2":{"start":{"line":3,"column":16},"end":{"line":3,"column":26}},"3":{"start":{"line":4,"column":12},"end":{"line":4,"column":18}},"4":{"start":{"line":5,"column":11},"end":{"line":5,"column":26}},"5":{"start":{"line":6,"column":10},"end":{"line":6,"column":33}},"6":{"start":{"line":9,"column":0},"end":{"line":59,"column":2}},"7":{"start":{"line":11,"column":4},"end":{"line":17,"column":7}},"8":{"start":{"line":12,"column":8},"end":{"line":15,"column":11}},"9":{"start":{"line":16,"column":8},"end":{"line":16,"column":15}},"10":{"start":{"line":18,"column":6},"end":{"line":24,"column":7}},"11":{"start":{"line":19,"column":8},"end":{"line":22,"column":11}},"12":{"start":{"line":23,"column":8},"end":{"line":23,"column":15}},"13":{"start":{"line":25,"column":6},"end":{"line":31,"column":7}},"14":{"start":{"line":26,"column":8},"end":{"line":29,"column":11}},"15":{"start":{"line":30,"column":8},"end":{"line":30,"column":15}},"16":{"start":{"line":32,"column":6},"end":{"line":38,"column":7}},"17":{"start":{"line":33,"column":8},"end":{"line":36,"column":11}},"18":{"start":{"line":37,"column":8},"end":{"line":37,"column":15}},"19":{"start":{"line":39,"column":6},"end":{"line":57,"column":7}},"20":{"start":{"line":40,"column":23},"end":{"line":45,"column":7}},"21":{"start":{"line":46,"column":6},"end":{"line":54,"column":9}},"22":{"start":{"line":47,"column":8},"end":{"line":47,"column":32}},"23":{"start":{"line":50,"column":8},"end":{"line":53,"column":11}},"24":{"start":{"line":56,"column":8},"end":{"line":56,"column":29}},"25":{"start":{"line":62,"column":21},"end":{"line":71,"column":9}},"26":{"start":{"line":72,"column":21},"end":{"line":72,"column":119}},"27":{"start":{"line":74,"column":8},"end":{"line":87,"column":13}},"28":{"start":{"line":76,"column":12},"end":{"line":80,"column":15}},"29":{"start":{"line":83,"column":12},"end":{"line":86,"column":15}},"30":{"start":{"line":91,"column":0},"end":{"line":105,"column":2}},"31":{"start":{"line":92,"column":2},"end":{"line":104,"column":7}},"32":{"start":{"line":94,"column":6},"end":{"line":97,"column":9}},"33":{"start":{"line":100,"column":6},"end":{"line":103,"column":9}},"34":{"start":{"line":108,"column":0},"end":{"line":148,"column":2}},"35":{"start":{"line":109,"column":15},"end":{"line":109,"column":28}},"36":{"start":{"line":111,"column":4},"end":{"line":147,"column":9}},"37":{"start":{"line":113,"column":8},"end":{"line":140,"column":9}},"38":{"start":{"line":114,"column":10},"end":{"line":134,"column":13}},"39":{"start":{"line":115,"column":12},"end":{"line":127,"column":13}},"40":{"start":{"line":117,"column":14},"end":{"line":120,"column":17}},"41":{"start":{"line":123,"column":14},"end":{"line":126,"column":17}},"42":{"start":{"line":130,"column":12},"end":{"line":133,"column":15}},"43":{"start":{"line":136,"column":10},"end":{"line":139,"column":13}},"44":{"start":{"line":143,"column":8},"end":{"line":146,"column":11}},"45":{"start":{"line":149,"column":0},"end":{"line":175,"column":2}},"46":{"start":{"line":152,"column":2},"end":{"line":174,"column":7}},"47":{"start":{"line":154,"column":6},"end":{"line":167,"column":7}},"48":{"start":{"line":155,"column":28},"end":{"line":155,"column":103}},"49":{"start":{"line":156,"column":8},"end":{"line":160,"column":11}},"50":{"start":{"line":163,"column":8},"end":{"line":166,"column":11}},"51":{"start":{"line":170,"column":6},"end":{"line":173,"column":9}},"52":{"start":{"line":178,"column":0},"end":{"line":230,"column":2}},"53":{"start":{"line":179,"column":13},"end":{"line":179,"column":26}},"54":{"start":{"line":180,"column":16},"end":{"line":180,"column":85}},"55":{"start":{"line":181,"column":16},"end":{"line":181,"column":40}},"56":{"start":{"line":183,"column":2},"end":{"line":229,"column":8}},"57":{"start":{"line":185,"column":8},"end":{"line":228,"column":5}},"58":{"start":{"line":186,"column":8},"end":{"line":222,"column":7}},"59":{"start":{"line":187,"column":8},"end":{"line":218,"column":9}},"60":{"start":{"line":188,"column":10},"end":{"line":199,"column":13}},"61":{"start":{"line":189,"column":12},"end":{"line":191,"column":13}},"62":{"start":{"line":190,"column":14},"end":{"line":190,"column":30}},"63":{"start":{"line":195,"column":12},"end":{"line":198,"column":15}},"64":{"start":{"line":202,"column":10},"end":{"line":217,"column":13}},"65":{"start":{"line":203,"column":12},"end":{"line":210,"column":13}},"66":{"start":{"line":204,"column":14},"end":{"line":204,"column":30}},"67":{"start":{"line":206,"column":14},"end":{"line":209,"column":17}},"68":{"start":{"line":213,"column":12},"end":{"line":216,"column":15}},"69":{"start":{"line":221,"column":8},"end":{"line":221,"column":23}},"70":{"start":{"line":224,"column":6},"end":{"line":227,"column":9}},"71":{"start":{"line":232,"column":2},"end":{"line":253,"column":7}},"72":{"start":{"line":236,"column":6},"end":{"line":246,"column":7}},"73":{"start":{"line":237,"column":8},"end":{"line":240,"column":11}},"74":{"start":{"line":242,"column":8},"end":{"line":245,"column":11}},"75":{"start":{"line":249,"column":6},"end":{"line":252,"column":9}},"76":{"start":{"line":257,"column":0},"end":{"line":294,"column":2}},"77":{"start":{"line":258,"column":13},"end":{"line":258,"column":26}},"78":{"start":{"line":259,"column":16},"end":{"line":259,"column":85}},"79":{"start":{"line":260,"column":16},"end":{"line":260,"column":40}},"80":{"start":{"line":261,"column":2},"end":{"line":293,"column":6}},"81":{"start":{"line":263,"column":8},"end":{"line":292,"column":3}},"82":{"start":{"line":264,"column":2},"end":{"line":285,"column":7}},"83":{"start":{"line":268,"column":6},"end":{"line":278,"column":7}},"84":{"start":{"line":269,"column":8},"end":{"line":272,"column":11}},"85":{"start":{"line":274,"column":8},"end":{"line":277,"column":11}},"86":{"start":{"line":281,"column":6},"end":{"line":284,"column":9}},"87":{"start":{"line":288,"column":4},"end":{"line":291,"column":7}}},"fnMap":{"0":{"name":"(anonymous_0)","decl":{"start":{"line":9,"column":17},"end":{"line":9,"column":18}},"loc":{"start":{"line":9,"column":31},"end":{"line":59,"column":1}},"line":9},"1":{"name":"(anonymous_1)","decl":{"start":{"line":46,"column":35},"end":{"line":46,"column":36}},"loc":{"start":{"line":46,"column":41},"end":{"line":49,"column":7}},"line":46},"2":{"name":"(anonymous_2)","decl":{"start":{"line":49,"column":15},"end":{"line":49,"column":16}},"loc":{"start":{"line":49,"column":22},"end":{"line":54,"column":7}},"line":49},"3":{"name":"create","decl":{"start":{"line":60,"column":9},"end":{"line":60,"column":15}},"loc":{"start":{"line":60,"column":29},"end":{"line":88,"column":1}},"line":60},"4":{"name":"(anonymous_4)","decl":{"start":{"line":75,"column":16},"end":{"line":75,"column":17}},"loc":{"start":{"line":75,"column":24},"end":{"line":81,"column":11}},"line":75},"5":{"name":"(anonymous_5)","decl":{"start":{"line":82,"column":17},"end":{"line":82,"column":18}},"loc":{"start":{"line":82,"column":24},"end":{"line":87,"column":11}},"line":82},"6":{"name":"(anonymous_6)","decl":{"start":{"line":91,"column":18},"end":{"line":91,"column":19}},"loc":{"start":{"line":91,"column":32},"end":{"line":105,"column":1}},"line":91},"7":{"name":"(anonymous_7)","decl":{"start":{"line":93,"column":10},"end":{"line":93,"column":11}},"loc":{"start":{"line":93,"column":18},"end":{"line":98,"column":5}},"line":93},"8":{"name":"(anonymous_8)","decl":{"start":{"line":99,"column":11},"end":{"line":99,"column":12}},"loc":{"start":{"line":99,"column":18},"end":{"line":104,"column":5}},"line":99},"9":{"name":"(anonymous_9)","decl":{"start":{"line":108,"column":18},"end":{"line":108,"column":19}},"loc":{"start":{"line":108,"column":32},"end":{"line":148,"column":1}},"line":108},"10":{"name":"(anonymous_10)","decl":{"start":{"line":112,"column":12},"end":{"line":112,"column":13}},"loc":{"start":{"line":112,"column":20},"end":{"line":141,"column":7}},"line":112},"11":{"name":"(anonymous_11)","decl":{"start":{"line":114,"column":105},"end":{"line":114,"column":106}},"loc":{"start":{"line":114,"column":113},"end":{"line":128,"column":11}},"line":114},"12":{"name":"(anonymous_12)","decl":{"start":{"line":129,"column":17},"end":{"line":129,"column":18}},"loc":{"start":{"line":129,"column":24},"end":{"line":134,"column":11}},"line":129},"13":{"name":"(anonymous_13)","decl":{"start":{"line":142,"column":13},"end":{"line":142,"column":14}},"loc":{"start":{"line":142,"column":20},"end":{"line":147,"column":7}},"line":142},"14":{"name":"(anonymous_14)","decl":{"start":{"line":149,"column":25},"end":{"line":149,"column":26}},"loc":{"start":{"line":149,"column":39},"end":{"line":175,"column":1}},"line":149},"15":{"name":"(anonymous_15)","decl":{"start":{"line":153,"column":10},"end":{"line":153,"column":11}},"loc":{"start":{"line":153,"column":18},"end":{"line":168,"column":5}},"line":153},"16":{"name":"(anonymous_16)","decl":{"start":{"line":169,"column":11},"end":{"line":169,"column":12}},"loc":{"start":{"line":169,"column":18},"end":{"line":174,"column":5}},"line":169},"17":{"name":"(anonymous_17)","decl":{"start":{"line":178,"column":17},"end":{"line":178,"column":18}},"loc":{"start":{"line":178,"column":31},"end":{"line":230,"column":1}},"line":178},"18":{"name":"(anonymous_18)","decl":{"start":{"line":184,"column":12},"end":{"line":184,"column":13}},"loc":{"start":{"line":184,"column":20},"end":{"line":229,"column":7}},"line":184},"19":{"name":"(anonymous_19)","decl":{"start":{"line":188,"column":48},"end":{"line":188,"column":49}},"loc":{"start":{"line":188,"column":59},"end":{"line":193,"column":11}},"line":188},"20":{"name":"(anonymous_20)","decl":{"start":{"line":194,"column":17},"end":{"line":194,"column":18}},"loc":{"start":{"line":194,"column":24},"end":{"line":199,"column":11}},"line":194},"21":{"name":"(anonymous_21)","decl":{"start":{"line":202,"column":80},"end":{"line":202,"column":81}},"loc":{"start":{"line":202,"column":87},"end":{"line":211,"column":11}},"line":202},"22":{"name":"(anonymous_22)","decl":{"start":{"line":212,"column":17},"end":{"line":212,"column":18}},"loc":{"start":{"line":212,"column":24},"end":{"line":217,"column":11}},"line":212},"23":{"name":"update","decl":{"start":{"line":231,"column":9},"end":{"line":231,"column":15}},"loc":{"start":{"line":231,"column":25},"end":{"line":254,"column":1}},"line":231},"24":{"name":"(anonymous_24)","decl":{"start":{"line":235,"column":10},"end":{"line":235,"column":11}},"loc":{"start":{"line":235,"column":17},"end":{"line":247,"column":5}},"line":235},"25":{"name":"(anonymous_25)","decl":{"start":{"line":248,"column":11},"end":{"line":248,"column":12}},"loc":{"start":{"line":248,"column":18},"end":{"line":253,"column":5}},"line":248},"26":{"name":"(anonymous_26)","decl":{"start":{"line":257,"column":17},"end":{"line":257,"column":18}},"loc":{"start":{"line":257,"column":31},"end":{"line":294,"column":1}},"line":257},"27":{"name":"(anonymous_27)","decl":{"start":{"line":262,"column":12},"end":{"line":262,"column":13}},"loc":{"start":{"line":262,"column":20},"end":{"line":293,"column":5}},"line":262},"28":{"name":"(anonymous_28)","decl":{"start":{"line":267,"column":10},"end":{"line":267,"column":11}},"loc":{"start":{"line":267,"column":17},"end":{"line":279,"column":5}},"line":267},"29":{"name":"(anonymous_29)","decl":{"start":{"line":280,"column":11},"end":{"line":280,"column":12}},"loc":{"start":{"line":280,"column":18},"end":{"line":285,"column":5}},"line":280}},"branchMap":{"0":{"loc":{"start":{"line":11,"column":4},"end":{"line":17,"column":7}},"type":"if","locations":[{"start":{"line":11,"column":4},"end":{"line":17,"column":7}},{"start":{},"end":{}}],"line":11},"1":{"loc":{"start":{"line":18,"column":6},"end":{"line":24,"column":7}},"type":"if","locations":[{"start":{"line":18,"column":6},"end":{"line":24,"column":7}},{"start":{},"end":{}}],"line":18},"2":{"loc":{"start":{"line":25,"column":6},"end":{"line":31,"column":7}},"type":"if","locations":[{"start":{"line":25,"column":6},"end":{"line":31,"column":7}},{"start":{},"end":{}}],"line":25},"3":{"loc":{"start":{"line":32,"column":6},"end":{"line":38,"column":7}},"type":"if","locations":[{"start":{"line":32,"column":6},"end":{"line":38,"column":7}},{"start":{},"end":{}}],"line":32},"4":{"loc":{"start":{"line":39,"column":6},"end":{"line":57,"column":7}},"type":"if","locations":[{"start":{"line":39,"column":6},"end":{"line":57,"column":7}},{"start":{"line":55,"column":11},"end":{"line":57,"column":7}}],"line":39},"5":{"loc":{"start":{"line":113,"column":8},"end":{"line":140,"column":9}},"type":"if","locations":[{"start":{"line":113,"column":8},"end":{"line":140,"column":9}},{"start":{"line":135,"column":15},"end":{"line":140,"column":9}}],"line":113},"6":{"loc":{"start":{"line":115,"column":12},"end":{"line":127,"column":13}},"type":"if","locations":[{"start":{"line":115,"column":12},"end":{"line":127,"column":13}},{"start":{"line":122,"column":19},"end":{"line":127,"column":13}}],"line":115},"7":{"loc":{"start":{"line":154,"column":6},"end":{"line":167,"column":7}},"type":"if","locations":[{"start":{"line":154,"column":6},"end":{"line":167,"column":7}},{"start":{"line":162,"column":13},"end":{"line":167,"column":7}}],"line":154},"8":{"loc":{"start":{"line":180,"column":16},"end":{"line":180,"column":85}},"type":"binary-expr","locations":[{"start":{"line":180,"column":16},"end":{"line":180,"column":30}},{"start":{"line":180,"column":34},"end":{"line":180,"column":52}},{"start":{"line":180,"column":56},"end":{"line":180,"column":85}}],"line":180},"9":{"loc":{"start":{"line":185,"column":8},"end":{"line":228,"column":5}},"type":"if","locations":[{"start":{"line":185,"column":8},"end":{"line":228,"column":5}},{"start":{"line":223,"column":9},"end":{"line":228,"column":5}}],"line":185},"10":{"loc":{"start":{"line":186,"column":8},"end":{"line":222,"column":7}},"type":"if","locations":[{"start":{"line":186,"column":8},"end":{"line":222,"column":7}},{"start":{"line":220,"column":10},"end":{"line":222,"column":7}}],"line":186},"11":{"loc":{"start":{"line":187,"column":8},"end":{"line":218,"column":9}},"type":"if","locations":[{"start":{"line":187,"column":8},"end":{"line":218,"column":9}},{"start":{"line":201,"column":15},"end":{"line":218,"column":9}}],"line":187},"12":{"loc":{"start":{"line":189,"column":12},"end":{"line":191,"column":13}},"type":"if","locations":[{"start":{"line":189,"column":12},"end":{"line":191,"column":13}},{"start":{},"end":{}}],"line":189},"13":{"loc":{"start":{"line":203,"column":12},"end":{"line":210,"column":13}},"type":"if","locations":[{"start":{"line":203,"column":12},"end":{"line":210,"column":13}},{"start":{"line":205,"column":18},"end":{"line":210,"column":13}}],"line":203},"14":{"loc":{"start":{"line":236,"column":6},"end":{"line":246,"column":7}},"type":"if","locations":[{"start":{"line":236,"column":6},"end":{"line":246,"column":7}},{"start":{"line":241,"column":13},"end":{"line":246,"column":7}}],"line":236},"15":{"loc":{"start":{"line":259,"column":16},"end":{"line":259,"column":85}},"type":"binary-expr","locations":[{"start":{"line":259,"column":16},"end":{"line":259,"column":30}},{"start":{"line":259,"column":34},"end":{"line":259,"column":52}},{"start":{"line":259,"column":56},"end":{"line":259,"column":85}}],"line":259},"16":{"loc":{"start":{"line":263,"column":8},"end":{"line":292,"column":3}},"type":"if","locations":[{"start":{"line":263,"column":8},"end":{"line":292,"column":3}},{"start":{"line":287,"column":6},"end":{"line":292,"column":3}}],"line":263},"17":{"loc":{"start":{"line":268,"column":6},"end":{"line":278,"column":7}},"type":"if","locations":[{"start":{"line":268,"column":6},"end":{"line":278,"column":7}},{"start":{"line":273,"column":13},"end":{"line":278,"column":7}}],"line":268}},"s":{"0":1,"1":1,"2":1,"3":1,"4":1,"5":1,"6":1,"7":2,"8":0,"9":0,"10":2,"11":0,"12":0,"13":2,"14":0,"15":0,"16":2,"17":0,"18":0,"19":2,"20":2,"21":2,"22":2,"23":0,"24":0,"25":2,"26":2,"27":2,"28":1,"29":1,"30":1,"31":0,"32":0,"33":0,"34":1,"35":0,"36":0,"37":0,"38":0,"39":0,"40":0,"41":0,"42":0,"43":0,"44":0,"45":1,"46":1,"47":1,"48":1,"49":1,"50":0,"51":0,"52":1,"53":0,"54":0,"55":0,"56":0,"57":0,"58":0,"59":0,"60":0,"61":0,"62":0,"63":0,"64":0,"65":0,"66":0,"67":0,"68":0,"69":0,"70":0,"71":0,"72":0,"73":0,"74":0,"75":0,"76":1,"77":0,"78":0,"79":0,"80":0,"81":0,"82":0,"83":0,"84":0,"85":0,"86":0,"87":0},"f":{"0":2,"1":2,"2":0,"3":2,"4":1,"5":1,"6":0,"7":0,"8":0,"9":0,"10":0,"11":0,"12":0,"13":0,"14":1,"15":1,"16":0,"17":0,"18":0,"19":0,"20":0,"21":0,"22":0,"23":0,"24":0,"25":0,"26":0,"27":0,"28":0,"29":0},"b":{"0":[0,2],"1":[0,2],"2":[0,2],"3":[0,2],"4":[2,0],"5":[0,0],"6":[0,0],"7":[1,0],"8":[0,0,0],"9":[0,0],"10":[0,0],"11":[0,0],"12":[0,0],"13":[0,0],"14":[0,0],"15":[0,0,0],"16":[0,0],"17":[0,0]},"_coverageSchema":"1a1c01bbd47fc00a2c39e90264f33305004495a9","hash":"303ee05863d75d39e5c03b1d72c66aa6acdd793f"}
,"E:\\Afstuderen light\\middleware\\jwt.js": {"path":"E:\\Afstuderen light\\middleware\\jwt.js","statementMap":{"0":{"start":{"line":1,"column":14},"end":{"line":1,"column":32}},"1":{"start":{"line":2,"column":12},"end":{"line":2,"column":35}},"2":{"start":{"line":4,"column":0},"end":{"line":18,"column":1}},"3":{"start":{"line":6,"column":18},"end":{"line":6,"column":87}},"4":{"start":{"line":8,"column":4},"end":{"line":8,"column":93}},"5":{"start":{"line":8,"column":23},"end":{"line":8,"column":93}},"6":{"start":{"line":10,"column":4},"end":{"line":17,"column":5}},"7":{"start":{"line":12,"column":8},"end":{"line":12,"column":14}},"8":{"start":{"line":16,"column":8},"end":{"line":16,"column":86}}},"fnMap":{"0":{"name":"(anonymous_0)","decl":{"start":{"line":4,"column":17},"end":{"line":4,"column":18}},"loc":{"start":{"line":4,"column":43},"end":{"line":18,"column":1}},"line":4}},"branchMap":{"0":{"loc":{"start":{"line":6,"column":18},"end":{"line":6,"column":87}},"type":"binary-expr","locations":[{"start":{"line":6,"column":18},"end":{"line":6,"column":32}},{"start":{"line":6,"column":36},"end":{"line":6,"column":54}},{"start":{"line":6,"column":58},"end":{"line":6,"column":87}}],"line":6},"1":{"loc":{"start":{"line":8,"column":4},"end":{"line":8,"column":93}},"type":"if","locations":[{"start":{"line":8,"column":4},"end":{"line":8,"column":93}},{"start":{},"end":{}}],"line":8},"2":{"loc":{"start":{"line":10,"column":4},"end":{"line":17,"column":5}},"type":"if","locations":[{"start":{"line":10,"column":4},"end":{"line":17,"column":5}},{"start":{"line":15,"column":8},"end":{"line":17,"column":5}}],"line":10}},"s":{"0":1,"1":1,"2":1,"3":0,"4":0,"5":0,"6":0,"7":0,"8":0},"f":{"0":0},"b":{"0":[0,0,0],"1":[0,0],"2":[0,0]},"_coverageSchema":"1a1c01bbd47fc00a2c39e90264f33305004495a9","hash":"c8e677f7b197ef89ad4455cdc02d8d0a1ed80e3f"}
,"E:\\Afstuderen light\\model\\address.js": {"path":"E:\\Afstuderen light\\model\\address.js","statementMap":{"0":{"start":{"line":1,"column":0},"end":{"line":22,"column":1}},"1":{"start":{"line":2,"column":18},"end":{"line":20,"column":2}},"2":{"start":{"line":21,"column":0},"end":{"line":21,"column":15}}},"fnMap":{"0":{"name":"(anonymous_0)","decl":{"start":{"line":1,"column":17},"end":{"line":1,"column":18}},"loc":{"start":{"line":1,"column":43},"end":{"line":22,"column":1}},"line":1}},"branchMap":{},"s":{"0":1,"1":1,"2":1},"f":{"0":1},"b":{},"_coverageSchema":"1a1c01bbd47fc00a2c39e90264f33305004495a9","hash":"d0372c35e8fe256ee51a8b54f1f8ab34ad19a08a"}
,"E:\\Afstuderen light\\model\\car.history.js": {"path":"E:\\Afstuderen light\\model\\car.history.js","statementMap":{"0":{"start":{"line":1,"column":0},"end":{"line":25,"column":1}},"1":{"start":{"line":2,"column":21},"end":{"line":23,"column":2}},"2":{"start":{"line":24,"column":0},"end":{"line":24,"column":18}}},"fnMap":{"0":{"name":"(anonymous_0)","decl":{"start":{"line":1,"column":17},"end":{"line":1,"column":18}},"loc":{"start":{"line":1,"column":43},"end":{"line":25,"column":1}},"line":1}},"branchMap":{},"s":{"0":1,"1":1,"2":1},"f":{"0":1},"b":{},"_coverageSchema":"1a1c01bbd47fc00a2c39e90264f33305004495a9","hash":"b09accb9b8b65758941c7e75b2eb012e1312c921"}
,"E:\\Afstuderen light\\model\\car.js": {"path":"E:\\Afstuderen light\\model\\car.js","statementMap":{"0":{"start":{"line":1,"column":0},"end":{"line":26,"column":1}},"1":{"start":{"line":2,"column":14},"end":{"line":24,"column":2}},"2":{"start":{"line":25,"column":0},"end":{"line":25,"column":11}}},"fnMap":{"0":{"name":"(anonymous_0)","decl":{"start":{"line":1,"column":17},"end":{"line":1,"column":18}},"loc":{"start":{"line":1,"column":43},"end":{"line":26,"column":1}},"line":1}},"branchMap":{},"s":{"0":1,"1":1,"2":1},"f":{"0":1},"b":{},"_coverageSchema":"1a1c01bbd47fc00a2c39e90264f33305004495a9","hash":"da1edc9b56ece9678b3f6e7890ba24834badfae3"}
,"E:\\Afstuderen light\\model\\sequelize.js": {"path":"E:\\Afstuderen light\\model\\sequelize.js","statementMap":{"0":{"start":{"line":1,"column":22},"end":{"line":1,"column":42}},"1":{"start":{"line":5,"column":16},"end":{"line":9,"column":2}},"2":{"start":{"line":12,"column":9},"end":{"line":12,"column":11}},"3":{"start":{"line":14,"column":0},"end":{"line":14,"column":25}},"4":{"start":{"line":15,"column":0},"end":{"line":15,"column":25}},"5":{"start":{"line":17,"column":0},"end":{"line":21,"column":1}},"6":{"start":{"line":18,"column":18},"end":{"line":18,"column":37}},"7":{"start":{"line":19,"column":15},"end":{"line":19,"column":60}},"8":{"start":{"line":20,"column":2},"end":{"line":20,"column":62}},"9":{"start":{"line":22,"column":0},"end":{"line":22,"column":56}},"10":{"start":{"line":23,"column":0},"end":{"line":23,"column":50}},"11":{"start":{"line":24,"column":0},"end":{"line":24,"column":48}},"12":{"start":{"line":25,"column":0},"end":{"line":25,"column":64}},"13":{"start":{"line":26,"column":0},"end":{"line":26,"column":66}},"14":{"start":{"line":28,"column":0},"end":{"line":28,"column":31}},"15":{"start":{"line":29,"column":0},"end":{"line":29,"column":33}},"16":{"start":{"line":30,"column":0},"end":{"line":30,"column":27}},"17":{"start":{"line":31,"column":0},"end":{"line":31,"column":30}},"18":{"start":{"line":32,"column":0},"end":{"line":32,"column":23}},"19":{"start":{"line":33,"column":0},"end":{"line":33,"column":26}},"20":{"start":{"line":34,"column":0},"end":{"line":34,"column":33}},"21":{"start":{"line":35,"column":0},"end":{"line":35,"column":35}},"22":{"start":{"line":39,"column":0},"end":{"line":39,"column":20}}},"fnMap":{"0":{"name":"(anonymous_0)","decl":{"start":{"line":17,"column":14},"end":{"line":17,"column":15}},"loc":{"start":{"line":17,"column":30},"end":{"line":21,"column":1}},"line":17}},"branchMap":{},"s":{"0":1,"1":1,"2":1,"3":1,"4":1,"5":1,"6":0,"7":0,"8":0,"9":1,"10":1,"11":1,"12":1,"13":1,"14":1,"15":1,"16":1,"17":1,"18":1,"19":1,"20":1,"21":1,"22":1},"f":{"0":0},"b":{},"_coverageSchema":"1a1c01bbd47fc00a2c39e90264f33305004495a9","hash":"757eb06a67c37da3af2f74de2bb7622c8045ea78"}
,"E:\\Afstuderen light\\model\\user.history.js": {"path":"E:\\Afstuderen light\\model\\user.history.js","statementMap":{"0":{"start":{"line":1,"column":0},"end":{"line":29,"column":2}},"1":{"start":{"line":2,"column":22},"end":{"line":27,"column":2}},"2":{"start":{"line":28,"column":0},"end":{"line":28,"column":19}}},"fnMap":{"0":{"name":"(anonymous_0)","decl":{"start":{"line":1,"column":17},"end":{"line":1,"column":18}},"loc":{"start":{"line":1,"column":43},"end":{"line":29,"column":2}},"line":1}},"branchMap":{},"s":{"0":1,"1":1,"2":1},"f":{"0":1},"b":{},"_coverageSchema":"1a1c01bbd47fc00a2c39e90264f33305004495a9","hash":"5040dc160eb1af69823169d8073b353a08d066fe"}
,"E:\\Afstuderen light\\model\\user.js": {"path":"E:\\Afstuderen light\\model\\user.js","statementMap":{"0":{"start":{"line":1,"column":0},"end":{"line":37,"column":1}},"1":{"start":{"line":2,"column":17},"end":{"line":35,"column":2}},"2":{"start":{"line":36,"column":0},"end":{"line":36,"column":12}}},"fnMap":{"0":{"name":"(anonymous_0)","decl":{"start":{"line":1,"column":17},"end":{"line":1,"column":18}},"loc":{"start":{"line":1,"column":43},"end":{"line":37,"column":1}},"line":1}},"branchMap":{},"s":{"0":1,"1":1,"2":1},"f":{"0":1},"b":{},"_coverageSchema":"1a1c01bbd47fc00a2c39e90264f33305004495a9","hash":"eb974d792186f51b13e6272a8807c17977a945be"}
,"E:\\Afstuderen light\\routes\\auth.js": {"path":"E:\\Afstuderen light\\routes\\auth.js","statementMap":{"0":{"start":{"line":1,"column":14},"end":{"line":1,"column":32}},"1":{"start":{"line":2,"column":13},"end":{"line":2,"column":29}},"2":{"start":{"line":3,"column":10},"end":{"line":3,"column":33}},"3":{"start":{"line":4,"column":17},"end":{"line":4,"column":57}},"4":{"start":{"line":7,"column":2},"end":{"line":7,"column":75}},"5":{"start":{"line":10,"column":0},"end":{"line":13,"column":3}},"6":{"start":{"line":12,"column":2},"end":{"line":12,"column":30}},"7":{"start":{"line":15,"column":0},"end":{"line":17,"column":3}},"8":{"start":{"line":16,"column":2},"end":{"line":16,"column":38}},"9":{"start":{"line":18,"column":0},"end":{"line":18,"column":24}}},"fnMap":{"0":{"name":"generateAccessToken","decl":{"start":{"line":6,"column":9},"end":{"line":6,"column":28}},"loc":{"start":{"line":6,"column":36},"end":{"line":8,"column":1}},"line":6},"1":{"name":"(anonymous_1)","decl":{"start":{"line":10,"column":25},"end":{"line":10,"column":26}},"loc":{"start":{"line":10,"column":39},"end":{"line":13,"column":1}},"line":10},"2":{"name":"(anonymous_2)","decl":{"start":{"line":15,"column":22},"end":{"line":15,"column":23}},"loc":{"start":{"line":15,"column":36},"end":{"line":17,"column":1}},"line":15}},"branchMap":{},"s":{"0":1,"1":1,"2":1,"3":1,"4":0,"5":1,"6":2,"7":1,"8":1,"9":1},"f":{"0":0,"1":2,"2":1},"b":{},"_coverageSchema":"1a1c01bbd47fc00a2c39e90264f33305004495a9","hash":"e6b281ce0319aed4631b5d943b89451ea2a3a8c7"}
,"E:\\Afstuderen light\\routes\\cars.js": {"path":"E:\\Afstuderen light\\routes\\cars.js","statementMap":{"0":{"start":{"line":1,"column":14},"end":{"line":1,"column":32}},"1":{"start":{"line":2,"column":13},"end":{"line":2,"column":29}},"2":{"start":{"line":3,"column":17},"end":{"line":3,"column":56}},"3":{"start":{"line":6,"column":0},"end":{"line":8,"column":3}},"4":{"start":{"line":7,"column":2},"end":{"line":7,"column":31}},"5":{"start":{"line":9,"column":0},"end":{"line":11,"column":3}},"6":{"start":{"line":10,"column":2},"end":{"line":10,"column":30}},"7":{"start":{"line":13,"column":0},"end":{"line":15,"column":3}},"8":{"start":{"line":14,"column":2},"end":{"line":14,"column":31}},"9":{"start":{"line":16,"column":0},"end":{"line":18,"column":3}},"10":{"start":{"line":17,"column":2},"end":{"line":17,"column":30}},"11":{"start":{"line":19,"column":0},"end":{"line":21,"column":3}},"12":{"start":{"line":20,"column":2},"end":{"line":20,"column":30}},"13":{"start":{"line":25,"column":0},"end":{"line":25,"column":24}}},"fnMap":{"0":{"name":"(anonymous_0)","decl":{"start":{"line":6,"column":16},"end":{"line":6,"column":17}},"loc":{"start":{"line":6,"column":41},"end":{"line":8,"column":1}},"line":6},"1":{"name":"(anonymous_1)","decl":{"start":{"line":9,"column":17},"end":{"line":9,"column":18}},"loc":{"start":{"line":9,"column":42},"end":{"line":11,"column":1}},"line":9},"2":{"name":"(anonymous_2)","decl":{"start":{"line":13,"column":19},"end":{"line":13,"column":20}},"loc":{"start":{"line":13,"column":44},"end":{"line":15,"column":1}},"line":13},"3":{"name":"(anonymous_3)","decl":{"start":{"line":16,"column":19},"end":{"line":16,"column":20}},"loc":{"start":{"line":16,"column":44},"end":{"line":18,"column":1}},"line":16},"4":{"name":"(anonymous_4)","decl":{"start":{"line":19,"column":22},"end":{"line":19,"column":23}},"loc":{"start":{"line":19,"column":47},"end":{"line":21,"column":1}},"line":19}},"branchMap":{},"s":{"0":1,"1":1,"2":1,"3":1,"4":0,"5":1,"6":0,"7":1,"8":0,"9":1,"10":0,"11":1,"12":0,"13":1},"f":{"0":0,"1":0,"2":0,"3":0,"4":0},"b":{},"_coverageSchema":"1a1c01bbd47fc00a2c39e90264f33305004495a9","hash":"80e1a7a06de411dd2675043f30cdebcf81a4fa67"}
,"E:\\Afstuderen light\\routes\\history.js": {"path":"E:\\Afstuderen light\\routes\\history.js","statementMap":{"0":{"start":{"line":1,"column":14},"end":{"line":1,"column":32}},"1":{"start":{"line":2,"column":13},"end":{"line":2,"column":29}},"2":{"start":{"line":3,"column":17},"end":{"line":3,"column":60}},"3":{"start":{"line":6,"column":0},"end":{"line":8,"column":3}},"4":{"start":{"line":7,"column":2},"end":{"line":7,"column":41}},"5":{"start":{"line":9,"column":0},"end":{"line":11,"column":3}},"6":{"start":{"line":10,"column":2},"end":{"line":10,"column":45}},"7":{"start":{"line":12,"column":0},"end":{"line":14,"column":3}},"8":{"start":{"line":13,"column":2},"end":{"line":13,"column":30}},"9":{"start":{"line":16,"column":0},"end":{"line":18,"column":3}},"10":{"start":{"line":17,"column":2},"end":{"line":17,"column":43}},"11":{"start":{"line":21,"column":0},"end":{"line":21,"column":24}}},"fnMap":{"0":{"name":"(anonymous_0)","decl":{"start":{"line":6,"column":19},"end":{"line":6,"column":20}},"loc":{"start":{"line":6,"column":44},"end":{"line":8,"column":1}},"line":6},"1":{"name":"(anonymous_1)","decl":{"start":{"line":9,"column":23},"end":{"line":9,"column":24}},"loc":{"start":{"line":9,"column":48},"end":{"line":11,"column":1}},"line":9},"2":{"name":"(anonymous_2)","decl":{"start":{"line":12,"column":17},"end":{"line":12,"column":18}},"loc":{"start":{"line":12,"column":42},"end":{"line":14,"column":1}},"line":12},"3":{"name":"(anonymous_3)","decl":{"start":{"line":16,"column":24},"end":{"line":16,"column":25}},"loc":{"start":{"line":16,"column":49},"end":{"line":18,"column":1}},"line":16}},"branchMap":{},"s":{"0":1,"1":1,"2":1,"3":1,"4":0,"5":1,"6":0,"7":1,"8":0,"9":1,"10":0,"11":1},"f":{"0":0,"1":0,"2":0,"3":0},"b":{},"_coverageSchema":"1a1c01bbd47fc00a2c39e90264f33305004495a9","hash":"66751502165d6b6bb723479c2215b1f978d40b9b"}
,"E:\\Afstuderen light\\routes\\users.js": {"path":"E:\\Afstuderen light\\routes\\users.js","statementMap":{"0":{"start":{"line":1,"column":14},"end":{"line":1,"column":32}},"1":{"start":{"line":2,"column":13},"end":{"line":2,"column":29}},"2":{"start":{"line":3,"column":17},"end":{"line":3,"column":57}},"3":{"start":{"line":6,"column":0},"end":{"line":8,"column":3}},"4":{"start":{"line":7,"column":2},"end":{"line":7,"column":31}},"5":{"start":{"line":9,"column":0},"end":{"line":11,"column":3}},"6":{"start":{"line":10,"column":2},"end":{"line":10,"column":38}},"7":{"start":{"line":13,"column":0},"end":{"line":15,"column":3}},"8":{"start":{"line":14,"column":2},"end":{"line":14,"column":31}},"9":{"start":{"line":16,"column":0},"end":{"line":18,"column":3}},"10":{"start":{"line":17,"column":2},"end":{"line":17,"column":30}},"11":{"start":{"line":19,"column":0},"end":{"line":21,"column":3}},"12":{"start":{"line":20,"column":2},"end":{"line":20,"column":30}},"13":{"start":{"line":25,"column":0},"end":{"line":25,"column":24}}},"fnMap":{"0":{"name":"(anonymous_0)","decl":{"start":{"line":6,"column":16},"end":{"line":6,"column":17}},"loc":{"start":{"line":6,"column":41},"end":{"line":8,"column":1}},"line":6},"1":{"name":"(anonymous_1)","decl":{"start":{"line":9,"column":17},"end":{"line":9,"column":18}},"loc":{"start":{"line":9,"column":42},"end":{"line":11,"column":1}},"line":9},"2":{"name":"(anonymous_2)","decl":{"start":{"line":13,"column":19},"end":{"line":13,"column":20}},"loc":{"start":{"line":13,"column":44},"end":{"line":15,"column":1}},"line":13},"3":{"name":"(anonymous_3)","decl":{"start":{"line":16,"column":19},"end":{"line":16,"column":20}},"loc":{"start":{"line":16,"column":44},"end":{"line":18,"column":1}},"line":16},"4":{"name":"(anonymous_4)","decl":{"start":{"line":19,"column":22},"end":{"line":19,"column":23}},"loc":{"start":{"line":19,"column":47},"end":{"line":21,"column":1}},"line":19}},"branchMap":{},"s":{"0":1,"1":1,"2":1,"3":1,"4":0,"5":1,"6":0,"7":1,"8":0,"9":1,"10":0,"11":1,"12":0,"13":1},"f":{"0":0,"1":0,"2":0,"3":0,"4":0},"b":{},"_coverageSchema":"1a1c01bbd47fc00a2c39e90264f33305004495a9","hash":"3cc7075f91800eab4f42c646c7194b8f2bd716c7"}
}
