TN:
SF:app.js
FN:42,(anonymous_0)
FN:47,(anonymous_1)
FNF:2
FNH:0
FNDA:0,(anonymous_0)
FNDA:0,(anonymous_1)
DA:1,1
DA:2,1
DA:3,1
DA:4,1
DA:5,1
DA:6,1
DA:7,1
DA:9,1
DA:11,1
DA:12,1
DA:13,1
DA:14,1
DA:15,1
DA:17,1
DA:18,1
DA:21,1
DA:24,1
DA:25,1
DA:27,1
DA:29,1
DA:30,1
DA:31,1
DA:32,1
DA:33,1
DA:34,1
DA:36,1
DA:37,1
DA:38,1
DA:39,1
DA:42,1
DA:43,0
DA:47,1
DA:49,0
DA:50,0
DA:53,0
DA:54,0
DA:57,1
LF:37
LH:32
BRDA:50,0,0,0
BRDA:50,0,1,0
BRDA:53,1,0,0
BRDA:53,1,1,0
BRF:4
BRH:0
end_of_record
TN:
SF:controller\car.controller.js
FN:7,(anonymous_0)
FN:64,(anonymous_1)
FN:70,(anonymous_2)
FN:81,(anonymous_3)
FN:83,(anonymous_4)
FN:89,(anonymous_5)
FN:98,(anonymous_6)
FN:102,(anonymous_7)
FN:117,(anonymous_8)
FN:126,(anonymous_9)
FN:139,(anonymous_10)
FN:152,(anonymous_11)
FN:162,(anonymous_12)
FN:176,(anonymous_13)
FN:189,(anonymous_14)
FNF:15
FNH:0
FNDA:0,(anonymous_0)
FNDA:0,(anonymous_1)
FNDA:0,(anonymous_2)
FNDA:0,(anonymous_3)
FNDA:0,(anonymous_4)
FNDA:0,(anonymous_5)
FNDA:0,(anonymous_6)
FNDA:0,(anonymous_7)
FNDA:0,(anonymous_8)
FNDA:0,(anonymous_9)
FNDA:0,(anonymous_10)
FNDA:0,(anonymous_11)
FNDA:0,(anonymous_12)
FNDA:0,(anonymous_13)
FNDA:0,(anonymous_14)
DA:1,1
DA:2,1
DA:3,1
DA:4,1
DA:7,1
DA:9,0
DA:10,0
DA:11,0
DA:12,0
DA:16,0
DA:18,0
DA:19,0
DA:23,0
DA:25,0
DA:26,0
DA:30,0
DA:32,0
DA:33,0
DA:37,0
DA:39,0
DA:40,0
DA:44,0
DA:46,0
DA:47,0
DA:51,0
DA:55,0
DA:63,0
DA:65,0
DA:71,0
DA:81,1
DA:82,0
DA:84,0
DA:90,0
DA:98,1
DA:99,0
DA:101,0
DA:103,0
DA:104,0
DA:111,0
DA:118,0
DA:126,1
DA:127,0
DA:128,0
DA:129,0
DA:130,0
DA:134,0
DA:136,0
DA:140,0
DA:141,0
DA:146,0
DA:153,0
DA:162,1
DA:163,0
DA:164,0
DA:165,0
DA:166,0
DA:167,0
DA:171,0
DA:173,0
DA:177,0
DA:178,0
DA:183,0
DA:190,0
LF:63
LH:9
BRDA:9,0,0,0
BRDA:9,0,1,0
BRDA:9,0,2,0
BRDA:11,1,0,0
BRDA:11,1,1,0
BRDA:18,2,0,0
BRDA:18,2,1,0
BRDA:25,3,0,0
BRDA:25,3,1,0
BRDA:32,4,0,0
BRDA:32,4,1,0
BRDA:39,5,0,0
BRDA:39,5,1,0
BRDA:46,6,0,0
BRDA:46,6,1,0
BRDA:103,7,0,0
BRDA:103,7,1,0
BRDA:127,8,0,0
BRDA:127,8,1,0
BRDA:127,8,2,0
BRDA:129,9,0,0
BRDA:129,9,1,0
BRDA:140,10,0,0
BRDA:140,10,1,0
BRDA:164,11,0,0
BRDA:164,11,1,0
BRDA:164,11,2,0
BRDA:166,12,0,0
BRDA:166,12,1,0
BRDA:177,13,0,0
BRDA:177,13,1,0
BRF:31
BRH:0
end_of_record
TN:
SF:controller\history.controller.js
FN:7,(anonymous_0)
FN:10,(anonymous_1)
FN:12,(anonymous_2)
FN:17,(anonymous_3)
FN:23,(anonymous_4)
FN:31,(anonymous_5)
FN:33,(anonymous_6)
FN:39,(anonymous_7)
FN:46,(anonymous_8)
FN:48,(anonymous_9)
FN:54,(anonymous_10)
FN:63,(anonymous_11)
FN:65,(anonymous_12)
FN:68,(anonymous_13)
FN:74,(anonymous_14)
FN:86,(anonymous_15)
FNF:16
FNH:0
FNDA:0,(anonymous_0)
FNDA:0,(anonymous_1)
FNDA:0,(anonymous_2)
FNDA:0,(anonymous_3)
FNDA:0,(anonymous_4)
FNDA:0,(anonymous_5)
FNDA:0,(anonymous_6)
FNDA:0,(anonymous_7)
FNDA:0,(anonymous_8)
FNDA:0,(anonymous_9)
FNDA:0,(anonymous_10)
FNDA:0,(anonymous_11)
FNDA:0,(anonymous_12)
FNDA:0,(anonymous_13)
FNDA:0,(anonymous_14)
FNDA:0,(anonymous_15)
DA:1,1
DA:2,1
DA:3,1
DA:4,1
DA:7,1
DA:9,0
DA:11,0
DA:13,0
DA:18,0
DA:24,0
DA:31,1
DA:32,0
DA:34,0
DA:40,0
DA:46,1
DA:47,0
DA:49,0
DA:55,0
DA:63,1
DA:65,0
DA:66,0
DA:67,0
DA:69,0
DA:75,0
DA:81,0
DA:87,0
LF:26
LH:8
BRDA:66,0,0,0
BRDA:66,0,1,0
BRF:2
BRH:0
end_of_record
TN:
SF:controller\user.controller.js
FN:9,(anonymous_0)
FN:46,(anonymous_1)
FN:49,(anonymous_2)
FN:60,create
FN:75,(anonymous_4)
FN:82,(anonymous_5)
FN:91,(anonymous_6)
FN:93,(anonymous_7)
FN:99,(anonymous_8)
FN:108,(anonymous_9)
FN:112,(anonymous_10)
FN:114,(anonymous_11)
FN:129,(anonymous_12)
FN:142,(anonymous_13)
FN:149,(anonymous_14)
FN:153,(anonymous_15)
FN:169,(anonymous_16)
FN:178,(anonymous_17)
FN:184,(anonymous_18)
FN:188,(anonymous_19)
FN:194,(anonymous_20)
FN:202,(anonymous_21)
FN:212,(anonymous_22)
FN:231,update
FN:235,(anonymous_24)
FN:248,(anonymous_25)
FN:257,(anonymous_26)
FN:262,(anonymous_27)
FN:267,(anonymous_28)
FN:280,(anonymous_29)
FNF:30
FNH:7
FNDA:2,(anonymous_0)
FNDA:2,(anonymous_1)
FNDA:0,(anonymous_2)
FNDA:2,create
FNDA:1,(anonymous_4)
FNDA:1,(anonymous_5)
FNDA:0,(anonymous_6)
FNDA:0,(anonymous_7)
FNDA:0,(anonymous_8)
FNDA:0,(anonymous_9)
FNDA:0,(anonymous_10)
FNDA:0,(anonymous_11)
FNDA:0,(anonymous_12)
FNDA:0,(anonymous_13)
FNDA:1,(anonymous_14)
FNDA:1,(anonymous_15)
FNDA:0,(anonymous_16)
FNDA:0,(anonymous_17)
FNDA:0,(anonymous_18)
FNDA:0,(anonymous_19)
FNDA:0,(anonymous_20)
FNDA:0,(anonymous_21)
FNDA:0,(anonymous_22)
FNDA:0,update
FNDA:0,(anonymous_24)
FNDA:0,(anonymous_25)
FNDA:0,(anonymous_26)
FNDA:0,(anonymous_27)
FNDA:0,(anonymous_28)
FNDA:0,(anonymous_29)
DA:1,1
DA:2,1
DA:3,1
DA:4,1
DA:5,1
DA:6,1
DA:9,1
DA:11,2
DA:12,0
DA:16,0
DA:18,2
DA:19,0
DA:23,0
DA:25,2
DA:26,0
DA:30,0
DA:32,2
DA:33,0
DA:37,0
DA:39,2
DA:40,2
DA:46,2
DA:47,2
DA:50,0
DA:56,0
DA:62,2
DA:72,2
DA:74,2
DA:76,1
DA:83,1
DA:91,1
DA:92,0
DA:94,0
DA:100,0
DA:108,1
DA:109,0
DA:111,0
DA:113,0
DA:114,0
DA:115,0
DA:117,0
DA:123,0
DA:130,0
DA:136,0
DA:143,0
DA:149,1
DA:152,1
DA:154,1
DA:155,1
DA:156,1
DA:163,0
DA:170,0
DA:178,1
DA:179,0
DA:180,0
DA:181,0
DA:183,0
DA:185,0
DA:186,0
DA:187,0
DA:188,0
DA:189,0
DA:190,0
DA:195,0
DA:202,0
DA:203,0
DA:204,0
DA:206,0
DA:213,0
DA:221,0
DA:224,0
DA:232,0
DA:236,0
DA:237,0
DA:242,0
DA:249,0
DA:257,1
DA:258,0
DA:259,0
DA:260,0
DA:261,0
DA:263,0
DA:264,0
DA:268,0
DA:269,0
DA:274,0
DA:281,0
DA:288,0
LF:88
LH:29
BRDA:11,0,0,0
BRDA:11,0,1,2
BRDA:18,1,0,0
BRDA:18,1,1,2
BRDA:25,2,0,0
BRDA:25,2,1,2
BRDA:32,3,0,0
BRDA:32,3,1,2
BRDA:39,4,0,2
BRDA:39,4,1,0
BRDA:113,5,0,0
BRDA:113,5,1,0
BRDA:115,6,0,0
BRDA:115,6,1,0
BRDA:154,7,0,1
BRDA:154,7,1,0
BRDA:180,8,0,0
BRDA:180,8,1,0
BRDA:180,8,2,0
BRDA:185,9,0,0
BRDA:185,9,1,0
BRDA:186,10,0,0
BRDA:186,10,1,0
BRDA:187,11,0,0
BRDA:187,11,1,0
BRDA:189,12,0,0
BRDA:189,12,1,0
BRDA:203,13,0,0
BRDA:203,13,1,0
BRDA:236,14,0,0
BRDA:236,14,1,0
BRDA:259,15,0,0
BRDA:259,15,1,0
BRDA:259,15,2,0
BRDA:263,16,0,0
BRDA:263,16,1,0
BRDA:268,17,0,0
BRDA:268,17,1,0
BRF:38
BRH:6
end_of_record
TN:
SF:middleware\jwt.js
FN:4,(anonymous_0)
FNF:1
FNH:0
FNDA:0,(anonymous_0)
DA:1,1
DA:2,1
DA:4,1
DA:6,0
DA:8,0
DA:10,0
DA:12,0
DA:16,0
LF:8
LH:3
BRDA:6,0,0,0
BRDA:6,0,1,0
BRDA:6,0,2,0
BRDA:8,1,0,0
BRDA:8,1,1,0
BRDA:10,2,0,0
BRDA:10,2,1,0
BRF:7
BRH:0
end_of_record
TN:
SF:model\address.js
FN:1,(anonymous_0)
FNF:1
FNH:1
FNDA:1,(anonymous_0)
DA:1,1
DA:2,1
DA:21,1
LF:3
LH:3
BRF:0
BRH:0
end_of_record
TN:
SF:model\car.history.js
FN:1,(anonymous_0)
FNF:1
FNH:1
FNDA:1,(anonymous_0)
DA:1,1
DA:2,1
DA:24,1
LF:3
LH:3
BRF:0
BRH:0
end_of_record
TN:
SF:model\car.js
FN:1,(anonymous_0)
FNF:1
FNH:1
FNDA:1,(anonymous_0)
DA:1,1
DA:2,1
DA:25,1
LF:3
LH:3
BRF:0
BRH:0
end_of_record
TN:
SF:model\sequelize.js
FN:17,(anonymous_0)
FNF:1
FNH:0
FNDA:0,(anonymous_0)
DA:1,1
DA:5,1
DA:12,1
DA:14,1
DA:15,1
DA:17,1
DA:18,0
DA:19,0
DA:20,0
DA:22,1
DA:23,1
DA:24,1
DA:25,1
DA:26,1
DA:28,1
DA:29,1
DA:30,1
DA:31,1
DA:32,1
DA:33,1
DA:34,1
DA:35,1
DA:39,1
LF:23
LH:20
BRF:0
BRH:0
end_of_record
TN:
SF:model\user.history.js
FN:1,(anonymous_0)
FNF:1
FNH:1
FNDA:1,(anonymous_0)
DA:1,1
DA:2,1
DA:28,1
LF:3
LH:3
BRF:0
BRH:0
end_of_record
TN:
SF:model\user.js
FN:1,(anonymous_0)
FNF:1
FNH:1
FNDA:1,(anonymous_0)
DA:1,1
DA:2,1
DA:36,1
LF:3
LH:3
BRF:0
BRH:0
end_of_record
TN:
SF:routes\auth.js
FN:6,generateAccessToken
FN:10,(anonymous_1)
FN:15,(anonymous_2)
FNF:3
FNH:2
FNDA:0,generateAccessToken
FNDA:2,(anonymous_1)
FNDA:1,(anonymous_2)
DA:1,1
DA:2,1
DA:3,1
DA:4,1
DA:7,0
DA:10,1
DA:12,2
DA:15,1
DA:16,1
DA:18,1
LF:10
LH:9
BRF:0
BRH:0
end_of_record
TN:
SF:routes\cars.js
FN:6,(anonymous_0)
FN:9,(anonymous_1)
FN:13,(anonymous_2)
FN:16,(anonymous_3)
FN:19,(anonymous_4)
FNF:5
FNH:0
FNDA:0,(anonymous_0)
FNDA:0,(anonymous_1)
FNDA:0,(anonymous_2)
FNDA:0,(anonymous_3)
FNDA:0,(anonymous_4)
DA:1,1
DA:2,1
DA:3,1
DA:6,1
DA:7,0
DA:9,1
DA:10,0
DA:13,1
DA:14,0
DA:16,1
DA:17,0
DA:19,1
DA:20,0
DA:25,1
LF:14
LH:9
BRF:0
BRH:0
end_of_record
TN:
SF:routes\history.js
FN:6,(anonymous_0)
FN:9,(anonymous_1)
FN:12,(anonymous_2)
FN:16,(anonymous_3)
FNF:4
FNH:0
FNDA:0,(anonymous_0)
FNDA:0,(anonymous_1)
FNDA:0,(anonymous_2)
FNDA:0,(anonymous_3)
DA:1,1
DA:2,1
DA:3,1
DA:6,1
DA:7,0
DA:9,1
DA:10,0
DA:12,1
DA:13,0
DA:16,1
DA:17,0
DA:21,1
LF:12
LH:8
BRF:0
BRH:0
end_of_record
TN:
SF:routes\users.js
FN:6,(anonymous_0)
FN:9,(anonymous_1)
FN:13,(anonymous_2)
FN:16,(anonymous_3)
FN:19,(anonymous_4)
FNF:5
FNH:0
FNDA:0,(anonymous_0)
FNDA:0,(anonymous_1)
FNDA:0,(anonymous_2)
FNDA:0,(anonymous_3)
FNDA:0,(anonymous_4)
DA:1,1
DA:2,1
DA:3,1
DA:6,1
DA:7,0
DA:9,1
DA:10,0
DA:13,1
DA:14,0
DA:16,1
DA:17,0
DA:19,1
DA:20,0
DA:25,1
LF:14
LH:9
BRF:0
BRH:0
end_of_record
